# JRE version: OpenJDK Runtime Environment Temurin-17.0.14+7 (17.0.14+7) (build 17.0.14+7)
# Java VM: OpenJDK 64-Bit Server VM Temurin-17.0.14+7 (17.0.14+7, mixed mode, sharing, tiered, compressed oops, compressed class ptrs, g1 gc, windows-amd64)
GC Precious Log:
 CPUs: 4 total, 4 available
 Memory: 8066M
 Large Page Support: Disabled
 NUMA Support: Disabled
 Compressed Oops: Enabled (32-bit)
 Heap Region Size: 1M
 Heap Min Capacity: 8M
 Heap Initial Capacity: 128M
 Heap Max Capacity: 2G
 Pre-touch: Disabled
 Parallel Workers: 4
 Concurrent Workers: 1
 Concurrent Refinement Workers: 4
 Periodic GC: Disabled
Heap:
 garbage-first heap   total 380928K, used 260608K [0x0000000080000000, 0x0000000100000000)
  region size 1024K, 8 young (8192K), 8 survivors (8192K)
 Metaspace       used 116964K, committed 118592K, reserved 557056K
  class space    used 16323K, committed 17088K, reserved 425984K
GC Heap History (20 events):
Event: 40.249 GC heap after
{Heap after GC invocations=49 (full 0):
 garbage-first heap   total 365568K, used 192828K [0x0000000080000000, 0x0000000100000000)
  region size 1024K, 6 young (6144K), 6 survivors (6144K)
 Metaspace       used 109477K, committed 110784K, reserved 557056K
  class space    used 15328K, committed 15936K, reserved 425984K
}
Event: 41.784 GC heap before
{Heap before GC invocations=50 (full 0):
 garbage-first heap   total 365568K, used 293180K [0x0000000080000000, 0x0000000100000000)
  region size 1024K, 104 young (106496K), 6 survivors (6144K)
 Metaspace       used 109592K, committed 110848K, reserved 557056K
  class space    used 15339K, committed 15936K, reserved 425984K
}
Event: 41.825 GC heap after
{Heap after GC invocations=51 (full 0):
 garbage-first heap   total 365568K, used 209197K [0x0000000080000000, 0x0000000100000000)
  region size 1024K, 13 young (13312K), 13 survivors (13312K)
 Metaspace       used 109592K, committed 110848K, reserved 557056K
  class space    used 15339K, committed 15936K, reserved 425984K
}
Event: 41.860 GC heap before
{Heap before GC invocations=51 (full 0):
 garbage-first heap   total 365568K, used 212269K [0x0000000080000000, 0x0000000100000000)
  region size 1024K, 17 young (17408K), 13 survivors (13312K)
 Metaspace       used 109592K, committed 110848K, reserved 557056K
  class space    used 15339K, committed 15936K, reserved 425984K
}
Event: 41.880 GC heap after
{Heap after GC invocations=52 (full 0):
 garbage-first heap   total 365568K, used 207595K [0x0000000080000000, 0x0000000100000000)
  region size 1024K, 2 young (2048K), 2 survivors (2048K)
 Metaspace       used 109592K, committed 110848K, reserved 557056K
  class space    used 15339K, committed 15936K, reserved 425984K
}
Event: 42.694 GC heap before
{Heap before GC invocations=52 (full 0):
 garbage-first heap   total 365568K, used 294635K [0x0000000080000000, 0x0000000100000000)
  region size 1024K, 88 young (90112K), 2 survivors (2048K)
 Metaspace       used 109592K, committed 110848K, reserved 557056K
  class space    used 15339K, committed 15936K, reserved 425984K
}
Event: 42.713 GC heap after
{Heap after GC invocations=53 (full 0):
 garbage-first heap   total 365568K, used 209312K [0x0000000080000000, 0x0000000100000000)
  region size 1024K, 4 young (4096K), 4 survivors (4096K)
 Metaspace       used 109592K, committed 110848K, reserved 557056K
  class space    used 15339K, committed 15936K, reserved 425984K
}
Event: 46.198 GC heap before
{Heap before GC invocations=54 (full 0):
 garbage-first heap   total 380928K, used 300448K [0x0000000080000000, 0x0000000100000000)
  region size 1024K, 91 young (93184K), 4 survivors (4096K)
 Metaspace       used 109814K, committed 111168K, reserved 557056K
  class space    used 15365K, committed 16000K, reserved 425984K
}
Event: 46.217 GC heap after
{Heap after GC invocations=55 (full 0):
 garbage-first heap   total 380928K, used 219883K [0x0000000080000000, 0x0000000100000000)
  region size 1024K, 12 young (12288K), 12 survivors (12288K)
 Metaspace       used 109814K, committed 111168K, reserved 557056K
  class space    used 15365K, committed 16000K, reserved 425984K
}
Event: 46.261 GC heap before
{Heap before GC invocations=55 (full 0):
 garbage-first heap   total 380928K, used 225003K [0x0000000080000000, 0x0000000100000000)
  region size 1024K, 18 young (18432K), 12 survivors (12288K)
 Metaspace       used 109814K, committed 111168K, reserved 557056K
  class space    used 15365K, committed 16000K, reserved 425984K
}
Event: 46.294 GC heap after
{Heap after GC invocations=56 (full 0):
 garbage-first heap   total 380928K, used 216883K [0x0000000080000000, 0x0000000100000000)
  region size 1024K, 3 young (3072K), 3 survivors (3072K)
 Metaspace       used 109814K, committed 111168K, reserved 557056K
  class space    used 15365K, committed 16000K, reserved 425984K
}
Event: 48.115 GC heap before
{Heap before GC invocations=56 (full 0):
 garbage-first heap   total 380928K, used 311091K [0x0000000080000000, 0x0000000100000000)
  region size 1024K, 94 young (96256K), 3 survivors (3072K)
 Metaspace       used 111856K, committed 113216K, reserved 557056K
  class space    used 15611K, committed 16192K, reserved 425984K
}
Event: 48.137 GC heap after
{Heap after GC invocations=57 (full 0):
 garbage-first heap   total 380928K, used 227715K [0x0000000080000000, 0x0000000100000000)
  region size 1024K, 12 young (12288K), 12 survivors (12288K)
 Metaspace       used 111856K, committed 113216K, reserved 557056K
  class space    used 15611K, committed 16192K, reserved 425984K
}
Event: 48.682 GC heap before
{Heap before GC invocations=57 (full 0):
 garbage-first heap   total 380928K, used 309635K [0x0000000080000000, 0x0000000100000000)
  region size 1024K, 93 young (95232K), 12 survivors (12288K)
 Metaspace       used 111872K, committed 113216K, reserved 557056K
  class space    used 15611K, committed 16192K, reserved 425984K
}
Event: 48.710 GC heap after
{Heap after GC invocations=58 (full 0):
 garbage-first heap   total 380928K, used 230712K [0x0000000080000000, 0x0000000100000000)
  region size 1024K, 5 young (5120K), 5 survivors (5120K)
 Metaspace       used 111872K, committed 113216K, reserved 557056K
  class space    used 15611K, committed 16192K, reserved 425984K
}
Event: 50.284 GC heap before
{Heap before GC invocations=58 (full 0):
 garbage-first heap   total 380928K, used 315704K [0x0000000080000000, 0x0000000100000000)
  region size 1024K, 87 young (89088K), 5 survivors (5120K)
 Metaspace       used 115424K, committed 116864K, reserved 557056K
  class space    used 16180K, committed 16832K, reserved 425984K
}
Event: 50.297 GC heap after
{Heap after GC invocations=59 (full 0):
 garbage-first heap   total 380928K, used 239171K [0x0000000080000000, 0x0000000100000000)
  region size 1024K, 11 young (11264K), 11 survivors (11264K)
 Metaspace       used 115424K, committed 116864K, reserved 557056K
  class space    used 16180K, committed 16832K, reserved 425984K
}
Event: 51.854 GC heap before
{Heap before GC invocations=59 (full 0):
 garbage-first heap   total 380928K, used 315971K [0x0000000080000000, 0x0000000100000000)
  region size 1024K, 86 young (88064K), 11 survivors (11264K)
 Metaspace       used 116666K, committed 118208K, reserved 557056K
  class space    used 16297K, committed 17024K, reserved 425984K
}
Event: 51.905 GC heap after
{Heap after GC invocations=60 (full 0):
 garbage-first heap   total 380928K, used 252312K [0x0000000080000000, 0x0000000100000000)
  region size 1024K, 11 young (11264K), 11 survivors (11264K)
 Metaspace       used 116666K, committed 118208K, reserved 557056K
  class space    used 16297K, committed 17024K, reserved 425984K
}
Event: 52.678 GC heap before
{Heap before GC invocations=60 (full 0):
 garbage-first heap   total 380928K, used 315800K [0x0000000080000000, 0x0000000100000000)
  region size 1024K, 73 young (74752K), 11 survivors (11264K)
 Metaspace       used 116964K, committed 118592K, reserved 557056K
  class space    used 16323K, committed 17088K, reserved 425984K
}

